#
# There is insufficient memory for the Java Runtime Environment to continue.
# Native memory allocation (mmap) failed to map 132120576 bytes for G1 virtual space
# Possible reasons:
#   The system is out of physical RAM or swap space
#   The process is running with CompressedOops enabled, and the Java Heap may be blocking the growth of the native heap
# Possible solutions:
#   Reduce memory load on the system
#   Increase physical memory or swap space
#   Check if swap backing store is full
#   Decrease Java heap size (-Xmx/-Xms)
#   Decrease number of Java threads
#   Decrease Java thread stack sizes (-Xss)
#   Set larger code cache with -XX:ReservedCodeCacheSize=
#   JVM is running with Unscaled Compressed Oops mode in which the Java heap is
#     placed in the first 4GB address space. The Java Heap base address is the
#     maximum limit for the native heap growth. Please use -XX:HeapBaseMinAddress
#     to set the Java Heap base and to place the Java Heap above 4GB virtual address.
# This output file may be truncated or incomplete.
#
#  Out of Memory Error (os_windows.cpp:3530), pid=13036, tid=10432
#
# JRE version:  (18.0+36) (build )
# Java VM: OpenJDK 64-Bit Server VM (18+36-2087, mixed mode, sharing, tiered, compressed oops, compressed class ptrs, g1 gc, windows-amd64)
# No core dump will be written. Minidumps are not enabled by default on client versions of Windows
#

---------------  S U M M A R Y ------------

Command Line: -javaagent:C:\Program Files\JetBrains\IntelliJ IDEA Community Edition 2021.3.3\lib\idea_rt.jar=53701:C:\Program Files\JetBrains\IntelliJ IDEA Community Edition 2021.3.3\bin -Dfile.encoding=windows-1251 DogTestDrive

Host: Intel(R) Core(TM) i5-10210U CPU @ 1.60GHz, 8 cores, 7G,  Windows 10 , 64 bit Build 19041 (10.0.19041.1566)
Time: Sun Mar 27 14:30:54 2022 RTZ 2 (s 10 , 64 bit Build 19041 (10.0.19041.1566) elapsed time: 0.128919 seconds (0d 0h 0m 0s)

---------------  T H R E A D  ---------------

Current thread (0x000001ed79fb2940):  JavaThread "Unknown thread" [_thread_in_vm, id=10432, stack(0x0000009ec3400000,0x0000009ec3500000)]

Stack: [0x0000009ec3400000,0x0000009ec3500000]
Native frames: (J=compiled Java code, j=interpreted, Vv=VM code, C=native code)
V  [jvm.dll+0x69804a]
V  [jvm.dll+0x7f308d]
V  [jvm.dll+0x7f499e]
V  [jvm.dll+0x7f5053]
V  [jvm.dll+0x25ca3f]
V  [jvm.dll+0x694f99]
V  [jvm.dll+0x689aca]
V  [jvm.dll+0x321efb]
V  [jvm.dll+0x3298d6]
V  [jvm.dll+0x37e47e]
V  [jvm.dll+0x37e6af]
V  [jvm.dll+0x2f9c7a]
V  [jvm.dll+0x2facdd]
V  [jvm.dll+0x7c1cc0]
V  [jvm.dll+0x38b801]
V  [jvm.dll+0x7a09d3]
V  [jvm.dll+0x40d6bf]
V  [jvm.dll+0x40f091]
C  [jli.dll+0x526b]
C  [ucrtbase.dll+0x21bb2]
C  [KERNEL32.DLL+0x17034]
C  [ntdll.dll+0x52651]


---------------  P R O C E S S  ---------------

Threads class SMR info:
_java_thread_list=0x00007ffcbdade550, length=0, elements={
}

Java Threads: ( => current thread )

Other Threads:
  0x000001ed7a00c430 WorkerThread "GC Thread#0" [stack: 0x0000009ec3500000,0x0000009ec3600000] [id=17412]
  0x000001ed7a01cca0 ConcurrentGCThread "G1 Main Marker" [stack: 0x0000009ec3600000,0x0000009ec3700000] [id=13172]
  0x000001ed7a01d690 WorkerThread "G1 Conc#0" [stack: 0x0000009ec3700000,0x0000009ec3800000] [id=17800]

[error occurred during error reporting (printing all threads), id 0xc0000005, EXCEPTION_ACCESS_VIOLATION (0xc0000005) at pc=0x00007ffcbd30a217]

VM state: not at safepoint (not fully initialized)

VM Mutex/Monitor currently owned by a thread:  ([mutex/lock_event])
[0x000001ed79faf070] Heap_lock - owner thread: 0x000001ed79fb2940

Heap address: 0x0000000083600000, size: 1994 MB, Compressed Oops mode: 32-bit

CDS archive(s) mapped at: [0x0000000000000000-0x0000000000000000-0x0000000000000000), size 0, SharedBaseAddress: 0x0000000800000000, ArchiveRelocationMode: 0.
Narrow klass base: 0x0000000000000000, Narrow klass shift: 0, Narrow klass range: 0x0

GC Precious Log:
 CardTable entry size: 512
 Card Set container configuration: InlinePtr #cards 5 size 8 Array Of Cards #cards 12 size 40 Howl #buckets 4 coarsen threshold 1843 Howl Bitmap #cards 512 size 80 coarsen threshold 460 Card regions per heap region 1 cards per card region 2048

Heap:
 garbage-first heap   total 0K, used 0K [0x0000000083600000, 0x0000000100000000)
  region size 1024K, 0 young (0K), 0 survivors (0K)

[error occurred during error reporting (printing heap information), id 0xc0000005, EXCEPTION_ACCESS_VIOLATION (0xc0000005) at pc=0x00007ffcbd6f0489]

GC Heap History (0 events):
No events

Deoptimization events (0 events):
No events

Classes loaded (0 events):
No events

Classes unloaded (0 events):
No events

Classes redefined (0 events):
No events

Internal exceptions (0 events):
No events

VM Operations (0 events):
No events

Events (1 events):
Event: 0.098 Loaded shared library C:\Users\kva-0\.jdks\openjdk-18\bin\java.dll


Dynamic libraries:
0x00007ff7ef410000 - 0x00007ff7ef41e000 	C:\Users\kva-0\.jdks\openjdk-18\bin\java.exe
0x00007ffd10790000 - 0x00007ffd10985000 	C:\WINDOWS\SYSTEM32\ntdll.dll
0x00007ffd0f1f0000 - 0x00007ffd0f2ae000 	C:\WINDOWS\System32\KERNEL32.DLL
0x00007ffd0e470000 - 0x00007ffd0e738000 	C:\WINDOWS\System32\KERNELBASE.dll
0x00007ffd0b340000 - 0x00007ffd0b3d0000 	C:\WINDOWS\SYSTEM32\apphelp.dll
0x00007ffd0e240000 - 0x00007ffd0e340000 	C:\WINDOWS\System32\ucrtbase.dll
0x00007ffcf3370000 - 0x00007ffcf3387000 	C:\Users\kva-0\.jdks\openjdk-18\bin\jli.dll
0x00007ffcf0150000 - 0x00007ffcf016a000 	C:\Users\kva-0\.jdks\openjdk-18\bin\VCRUNTIME140.dll
0x00007ffd0f040000 - 0x00007ffd0f1e0000 	C:\WINDOWS\System32\USER32.dll
0x00007ffcf42b0000 - 0x00007ffcf454a000 	C:\WINDOWS\WinSxS\amd64_microsoft.windows.common-controls_6595b64144ccf1df_6.0.19041.1110_none_60b5254171f9507e\COMCTL32.dll
0x00007ffd0deb0000 - 0x00007ffd0ded2000 	C:\WINDOWS\System32\win32u.dll
0x00007ffd0ff10000 - 0x00007ffd0ffae000 	C:\WINDOWS\System32\msvcrt.dll
0x00007ffd0e930000 - 0x00007ffd0e95b000 	C:\WINDOWS\System32\GDI32.dll
0x00007ffd0e090000 - 0x00007ffd0e19b000 	C:\WINDOWS\System32\gdi32full.dll
0x00007ffd0e1a0000 - 0x00007ffd0e23d000 	C:\WINDOWS\System32\msvcp_win.dll
0x00007ffd0e7f0000 - 0x00007ffd0e820000 	C:\WINDOWS\System32\IMM32.DLL
0x00007ffcfb320000 - 0x00007ffcfb32c000 	C:\Users\kva-0\.jdks\openjdk-18\bin\vcruntime140_1.dll
0x00007ffcd3d00000 - 0x00007ffcd3d8d000 	C:\Users\kva-0\.jdks\openjdk-18\bin\msvcp140.dll
0x00007ffcbd000000 - 0x00007ffcbdc11000 	C:\Users\kva-0\.jdks\openjdk-18\bin\server\jvm.dll
0x00007ffd10420000 - 0x00007ffd104ce000 	C:\WINDOWS\System32\ADVAPI32.dll
0x00007ffd0f2b0000 - 0x00007ffd0f34c000 	C:\WINDOWS\System32\sechost.dll
0x00007ffd0ec80000 - 0x00007ffd0eda5000 	C:\WINDOWS\System32\RPCRT4.dll
0x00007ffd0f030000 - 0x00007ffd0f038000 	C:\WINDOWS\System32\PSAPI.DLL
0x00007ffd08340000 - 0x00007ffd08349000 	C:\WINDOWS\SYSTEM32\WSOCK32.dll
0x00007ffd10660000 - 0x00007ffd106cb000 	C:\WINDOWS\System32\WS2_32.dll
0x00007ffcefb90000 - 0x00007ffcefbb7000 	C:\WINDOWS\SYSTEM32\WINMM.dll
0x00007ffd06f40000 - 0x00007ffd06f4a000 	C:\WINDOWS\SYSTEM32\VERSION.dll
0x00007ffd0bda0000 - 0x00007ffd0bdb2000 	C:\WINDOWS\SYSTEM32\kernel.appcore.dll
0x00007ffcfaaa0000 - 0x00007ffcfaaaa000 	C:\Users\kva-0\.jdks\openjdk-18\bin\jimage.dll
0x00007ffd0b4b0000 - 0x00007ffd0b694000 	C:\WINDOWS\SYSTEM32\DBGHELP.DLL
0x00007ffcf48d0000 - 0x00007ffcf48fc000 	C:\WINDOWS\SYSTEM32\dbgcore.DLL
0x00007ffd0e3e0000 - 0x00007ffd0e462000 	C:\WINDOWS\System32\bcryptPrimitives.dll
0x00007ffcfa990000 - 0x00007ffcfa99e000 	C:\Users\kva-0\.jdks\openjdk-18\bin\instrument.dll
0x00007ffce25c0000 - 0x00007ffce25e5000 	C:\Users\kva-0\.jdks\openjdk-18\bin\java.dll

dbghelp: loaded successfully - version: 4.0.5 - missing functions: none
symbol engine: initialized successfully - sym options: 0x614 - pdb path: .;C:\Users\kva-0\.jdks\openjdk-18\bin;C:\WINDOWS\SYSTEM32;C:\WINDOWS\WinSxS\amd64_microsoft.windows.common-controls_6595b64144ccf1df_6.0.19041.1110_none_60b5254171f9507e;C:\Users\kva-0\.jdks\openjdk-18\bin\server

VM Arguments:
jvm_args: -javaagent:C:\Program Files\JetBrains\IntelliJ IDEA Community Edition 2021.3.3\lib\idea_rt.jar=53701:C:\Program Files\JetBrains\IntelliJ IDEA Community Edition 2021.3.3\bin -Dfile.encoding=windows-1251 
java_command: DogTestDrive
java_class_path (initial): D:\GitHub\Java_Oreilly\out\production\Java_O'reilly_test
Launcher Type: SUN_STANDARD

[Global flags]
     intx CICompilerCount                          = 4                                         {product} {ergonomic}
     uint ConcGCThreads                            = 2                                         {product} {ergonomic}
     uint G1ConcRefinementThreads                  = 8                                         {product} {ergonomic}
   size_t G1HeapRegionSize                         = 1048576                                   {product} {ergonomic}
    uintx GCDrainStackTargetSize                   = 64                                        {product} {ergonomic}
   size_t InitialHeapSize                          = 132120576                                 {product} {ergonomic}
   size_t MarkStackSize                            = 4194304                                   {product} {ergonomic}
   size_t MaxHeapSize                              = 2090860544                                {product} {ergonomic}
   size_t MinHeapDeltaBytes                        = 1048576                                   {product} {ergonomic}
   size_t MinHeapSize                              = 8388608                                   {product} {ergonomic}
    uintx NonNMethodCodeHeapSize                   = 5839372                                {pd product} {ergonomic}
    uintx NonProfiledCodeHeapSize                  = 122909434                              {pd product} {ergonomic}
    uintx ProfiledCodeHeapSize                     = 122909434                              {pd product} {ergonomic}
    uintx ReservedCodeCacheSize                    = 251658240                              {pd product} {ergonomic}
     bool SegmentedCodeCache                       = true                                      {product} {ergonomic}
   size_t SoftMaxHeapSize                          = 2090860544                             {manageable} {ergonomic}
     bool UseCompressedClassPointers               = true                           {product lp64_product} {ergonomic}
     bool UseCompressedOops                        = true                           {product lp64_product} {ergonomic}
     bool UseG1GC                                  = true                                      {product} {ergonomic}
     bool UseLargePagesIndividualAllocation        = false                                  {pd product} {ergonomic}

Logging:
Log output configuration:
 #0: stdout all=warning uptime,level,tags foldmultilines=false
 #1: stderr all=off uptime,level,tags foldmultilines=false

Environment Variables:
PATH=C:\WINDOWS\system32;C:\WINDOWS;C:\WINDOWS\System32\Wbem;C:\WINDOWS\System32\WindowsPowerShell\v1.0\;C:\WINDOWS\System32\OpenSSH\;C:\Program Files\MATLAB\R2016b\runtime\win64;C:\Program Files\MATLAB\R2016b\bin;C:\Users\kva-0\AppData\Local\Programs\Python\Python310\Scripts\;C:\Users\kva-0\AppData\Local\Programs\Python\Python310\;C:\Users\kva-0\AppData\Local\Microsoft\WindowsApps;C:\Program Files\JetBrains\PyCharm Community Edition 2021.3.1\bin;;C:\Users\kva-0\AppData\Local\GitHubDesktop\bin
USERNAME=Cello
OS=Windows_NT
PROCESSOR_IDENTIFIER=Intel64 Family 6 Model 142 Stepping 12, GenuineIntel



---------------  S Y S T E M  ---------------

OS:
 Windows 10 , 64 bit Build 19041 (10.0.19041.1566)
OS uptime: 15 days 6:04 hours

CPU: total 8 (initial active 8) (4 cores per cpu, 2 threads per core) family 6 model 142 stepping 12 microcode 0xbe, cx8, cmov, fxsr, ht, mmx, 3dnowpref, sse, sse2, sse3, ssse3, sse4.1, sse4.2, popcnt, lzcnt, tsc, tscinvbit, avx, avx2, aes, erms, clmul, bmi1, bmi2, adx, fma, vzeroupper, clflush, clflushopt

Memory: 4k page, system-wide physical 7969M (535M free)
TotalPageFile size 32504M (AvailPageFile size 81M)
current process WorkingSet (physical memory assigned to process): 11M, peak: 11M
current process commit charge ("private bytes"): 60M, peak: 186M

vm_info: OpenJDK 64-Bit Server VM (18+36-2087) for windows-amd64 JRE (18+36-2087), built on Feb 15 2022 09:37:35 by "mach5one" with MS VC++ 16.8 / 16.9 (VS2019)

END.
